2023-05-31 08:27:16 1119 [main] INFO  cn.edu.cumt.ec.shop.ShopApplication - [org.springframework.boot.StartupInfoLogger : logStarting : 55] - Starting ShopApplication using Java 18.0.2.1 on LAPTOP-SV52GOJH with PID 4668 (E:\电子商务系统分析课件\m09641\Example\example-java\target\classes started by 叶鸽 in E:\电子商务系统分析课件\m09641\Example\example-java)
2023-05-31 08:27:16 1123 [main] DEBUG cn.edu.cumt.ec.shop.ShopApplication - [org.springframework.boot.StartupInfoLogger : logStarting : 56] - Running with Spring Boot v2.6.7, Spring v5.3.19
2023-05-31 08:27:16 1123 [main] INFO  cn.edu.cumt.ec.shop.ShopApplication - [org.springframework.boot.SpringApplication : logStartupProfileInfo : 640] - No active profile set, falling back to 1 default profile: "default"
2023-05-31 08:27:17 2284 [main] INFO  o.s.d.r.c.RepositoryConfigurationDelegate - [org.springframework.data.repository.config.RepositoryConfigurationDelegate : multipleStoresDetected : 262] - Multiple Spring Data modules found, entering strict repository configuration mode!
2023-05-31 08:27:17 2287 [main] INFO  o.s.d.r.c.RepositoryConfigurationDelegate - [org.springframework.data.repository.config.RepositoryConfigurationDelegate : registerRepositoriesIn : 132] - Bootstrapping Spring Data Redis repositories in DEFAULT mode.
2023-05-31 08:27:17 2321 [main] INFO  o.s.d.r.c.RepositoryConfigurationDelegate - [org.springframework.data.repository.config.RepositoryConfigurationDelegate : registerRepositoriesIn : 201] - Finished Spring Data repository scanning in 17 ms. Found 0 Redis repository interfaces.
2023-05-31 08:27:18 3093 [main] INFO  o.s.b.w.e.tomcat.TomcatWebServer - [org.springframework.boot.web.embedded.tomcat.TomcatWebServer : initialize : 108] - Tomcat initialized with port(s): 9090 (http)
2023-05-31 08:27:18 3105 [main] INFO  o.a.coyote.http11.Http11NioProtocol - [org.apache.juli.logging.DirectJDKLog : log : 173] - Initializing ProtocolHandler ["http-nio-9090"]
2023-05-31 08:27:18 3105 [main] INFO  o.a.catalina.core.StandardService - [org.apache.juli.logging.DirectJDKLog : log : 173] - Starting service [Tomcat]
2023-05-31 08:27:18 3106 [main] INFO  o.a.catalina.core.StandardEngine - [org.apache.juli.logging.DirectJDKLog : log : 173] - Starting Servlet engine: [Apache Tomcat/9.0.62]
2023-05-31 08:27:18 3306 [main] INFO  o.a.c.c.C.[Tomcat].[localhost].[/] - [org.apache.juli.logging.DirectJDKLog : log : 173] - Initializing Spring embedded WebApplicationContext
2023-05-31 08:27:18 3307 [main] INFO  o.s.b.w.s.c.ServletWebServerApplicationContext - [org.springframework.boot.web.servlet.context.ServletWebServerApplicationContext : prepareWebApplicationContext : 290] - Root WebApplicationContext: initialization completed in 2099 ms
2023-05-31 08:27:19 3900 [main] WARN  c.b.m.core.metadata.TableInfoHelper - [com.baomidou.mybatisplus.core.metadata.TableInfoHelper : initTableFields : 333] - Can not find table primary key in Class: "cn.edu.cumt.ec.shop.entity.Product".
2023-05-31 08:27:19 3900 [main] WARN  c.b.m.c.injector.DefaultSqlInjector - [com.baomidou.mybatisplus.core.injector.DefaultSqlInjector : getMethodList : 57] - class cn.edu.cumt.ec.shop.entity.Product ,Not found @TableId annotation, Cannot use Mybatis-Plus 'xxById' Method.
2023-05-31 08:27:20 4394 [main] DEBUG c.e.c.e.s.s.JwtAuthenticationTokenFilter - [org.springframework.web.filter.GenericFilterBean : init : 242] - Filter 'jwtAuthenticationTokenFilter' configured for use
2023-05-31 08:27:20 5033 [main] WARN  o.s.s.c.a.web.builders.WebSecurity - [org.springframework.security.config.annotation.web.builders.WebSecurity : performBuild : 294] - You are asking Spring Security to ignore Ant [pattern='/doc.html']. This is not recommended -- please use permitAll via HttpSecurity#authorizeHttpRequests instead.
2023-05-31 08:27:20 5034 [main] INFO  o.s.s.w.DefaultSecurityFilterChain - [org.springframework.security.web.DefaultSecurityFilterChain : <init> : 52] - Will not secure Ant [pattern='/doc.html']
2023-05-31 08:27:20 5035 [main] WARN  o.s.s.c.a.web.builders.WebSecurity - [org.springframework.security.config.annotation.web.builders.WebSecurity : performBuild : 294] - You are asking Spring Security to ignore Ant [pattern='/swagger-ui.html']. This is not recommended -- please use permitAll via HttpSecurity#authorizeHttpRequests instead.
2023-05-31 08:27:20 5035 [main] INFO  o.s.s.w.DefaultSecurityFilterChain - [org.springframework.security.web.DefaultSecurityFilterChain : <init> : 52] - Will not secure Ant [pattern='/swagger-ui.html']
2023-05-31 08:27:20 5035 [main] WARN  o.s.s.c.a.web.builders.WebSecurity - [org.springframework.security.config.annotation.web.builders.WebSecurity : performBuild : 294] - You are asking Spring Security to ignore Ant [pattern='/swagger-ui/*']. This is not recommended -- please use permitAll via HttpSecurity#authorizeHttpRequests instead.
2023-05-31 08:27:20 5035 [main] INFO  o.s.s.w.DefaultSecurityFilterChain - [org.springframework.security.web.DefaultSecurityFilterChain : <init> : 52] - Will not secure Ant [pattern='/swagger-ui/*']
2023-05-31 08:27:20 5035 [main] WARN  o.s.s.c.a.web.builders.WebSecurity - [org.springframework.security.config.annotation.web.builders.WebSecurity : performBuild : 294] - You are asking Spring Security to ignore Ant [pattern='/swagger-resources/**']. This is not recommended -- please use permitAll via HttpSecurity#authorizeHttpRequests instead.
2023-05-31 08:27:20 5035 [main] INFO  o.s.s.w.DefaultSecurityFilterChain - [org.springframework.security.web.DefaultSecurityFilterChain : <init> : 52] - Will not secure Ant [pattern='/swagger-resources/**']
2023-05-31 08:27:20 5036 [main] WARN  o.s.s.c.a.web.builders.WebSecurity - [org.springframework.security.config.annotation.web.builders.WebSecurity : performBuild : 294] - You are asking Spring Security to ignore Ant [pattern='/v2/api-docs']. This is not recommended -- please use permitAll via HttpSecurity#authorizeHttpRequests instead.
2023-05-31 08:27:20 5036 [main] INFO  o.s.s.w.DefaultSecurityFilterChain - [org.springframework.security.web.DefaultSecurityFilterChain : <init> : 52] - Will not secure Ant [pattern='/v2/api-docs']
2023-05-31 08:27:20 5036 [main] WARN  o.s.s.c.a.web.builders.WebSecurity - [org.springframework.security.config.annotation.web.builders.WebSecurity : performBuild : 294] - You are asking Spring Security to ignore Ant [pattern='/v3/api-docs']. This is not recommended -- please use permitAll via HttpSecurity#authorizeHttpRequests instead.
2023-05-31 08:27:20 5036 [main] INFO  o.s.s.w.DefaultSecurityFilterChain - [org.springframework.security.web.DefaultSecurityFilterChain : <init> : 52] - Will not secure Ant [pattern='/v3/api-docs']
2023-05-31 08:27:20 5036 [main] WARN  o.s.s.c.a.web.builders.WebSecurity - [org.springframework.security.config.annotation.web.builders.WebSecurity : performBuild : 294] - You are asking Spring Security to ignore Ant [pattern='/webjars/**']. This is not recommended -- please use permitAll via HttpSecurity#authorizeHttpRequests instead.
2023-05-31 08:27:20 5036 [main] INFO  o.s.s.w.DefaultSecurityFilterChain - [org.springframework.security.web.DefaultSecurityFilterChain : <init> : 52] - Will not secure Ant [pattern='/webjars/**']
2023-05-31 08:27:20 5036 [main] WARN  o.s.s.c.a.web.builders.WebSecurity - [org.springframework.security.config.annotation.web.builders.WebSecurity : performBuild : 294] - You are asking Spring Security to ignore Ant [pattern='/favicon.ico']. This is not recommended -- please use permitAll via HttpSecurity#authorizeHttpRequests instead.
2023-05-31 08:27:20 5036 [main] INFO  o.s.s.w.DefaultSecurityFilterChain - [org.springframework.security.web.DefaultSecurityFilterChain : <init> : 52] - Will not secure Ant [pattern='/favicon.ico']
2023-05-31 08:27:20 5036 [main] WARN  o.s.s.c.a.web.builders.WebSecurity - [org.springframework.security.config.annotation.web.builders.WebSecurity : performBuild : 294] - You are asking Spring Security to ignore Ant [pattern='/**/*.html']. This is not recommended -- please use permitAll via HttpSecurity#authorizeHttpRequests instead.
2023-05-31 08:27:20 5037 [main] INFO  o.s.s.w.DefaultSecurityFilterChain - [org.springframework.security.web.DefaultSecurityFilterChain : <init> : 52] - Will not secure Ant [pattern='/**/*.html']
2023-05-31 08:27:20 5037 [main] WARN  o.s.s.c.a.web.builders.WebSecurity - [org.springframework.security.config.annotation.web.builders.WebSecurity : performBuild : 294] - You are asking Spring Security to ignore Ant [pattern='/**/*.js']. This is not recommended -- please use permitAll via HttpSecurity#authorizeHttpRequests instead.
2023-05-31 08:27:20 5037 [main] INFO  o.s.s.w.DefaultSecurityFilterChain - [org.springframework.security.web.DefaultSecurityFilterChain : <init> : 52] - Will not secure Ant [pattern='/**/*.js']
2023-05-31 08:27:20 5038 [main] WARN  o.s.s.c.a.web.builders.WebSecurity - [org.springframework.security.config.annotation.web.builders.WebSecurity : performBuild : 294] - You are asking Spring Security to ignore Ant [pattern='/**.json']. This is not recommended -- please use permitAll via HttpSecurity#authorizeHttpRequests instead.
2023-05-31 08:27:20 5038 [main] INFO  o.s.s.w.DefaultSecurityFilterChain - [org.springframework.security.web.DefaultSecurityFilterChain : <init> : 52] - Will not secure Ant [pattern='/**.json']
2023-05-31 08:27:20 5038 [main] WARN  o.s.s.c.a.web.builders.WebSecurity - [org.springframework.security.config.annotation.web.builders.WebSecurity : performBuild : 294] - You are asking Spring Security to ignore Ant [pattern='/**/*.css']. This is not recommended -- please use permitAll via HttpSecurity#authorizeHttpRequests instead.
2023-05-31 08:27:20 5038 [main] INFO  o.s.s.w.DefaultSecurityFilterChain - [org.springframework.security.web.DefaultSecurityFilterChain : <init> : 52] - Will not secure Ant [pattern='/**/*.css']
2023-05-31 08:27:20 5038 [main] WARN  o.s.s.c.a.web.builders.WebSecurity - [org.springframework.security.config.annotation.web.builders.WebSecurity : performBuild : 294] - You are asking Spring Security to ignore Ant [pattern='/**/*.jpg']. This is not recommended -- please use permitAll via HttpSecurity#authorizeHttpRequests instead.
2023-05-31 08:27:20 5038 [main] INFO  o.s.s.w.DefaultSecurityFilterChain - [org.springframework.security.web.DefaultSecurityFilterChain : <init> : 52] - Will not secure Ant [pattern='/**/*.jpg']
2023-05-31 08:27:20 5038 [main] WARN  o.s.s.c.a.web.builders.WebSecurity - [org.springframework.security.config.annotation.web.builders.WebSecurity : performBuild : 294] - You are asking Spring Security to ignore Ant [pattern='/**/*.png']. This is not recommended -- please use permitAll via HttpSecurity#authorizeHttpRequests instead.
2023-05-31 08:27:20 5038 [main] INFO  o.s.s.w.DefaultSecurityFilterChain - [org.springframework.security.web.DefaultSecurityFilterChain : <init> : 52] - Will not secure Ant [pattern='/**/*.png']
2023-05-31 08:27:20 5070 [main] DEBUG o.s.s.w.a.e.ExpressionBasedFilterInvocationSecurityMetadataSource - [org.springframework.security.web.access.expression.ExpressionBasedFilterInvocationSecurityMetadataSource : process : 72] - Adding web access control expression [permitAll] for Ant [pattern='/auth/login']
2023-05-31 08:27:20 5071 [main] DEBUG o.s.s.w.a.e.ExpressionBasedFilterInvocationSecurityMetadataSource - [org.springframework.security.web.access.expression.ExpressionBasedFilterInvocationSecurityMetadataSource : process : 72] - Adding web access control expression [permitAll] for Ant [pattern='/auth/sign']
2023-05-31 08:27:20 5071 [main] DEBUG o.s.s.w.a.e.ExpressionBasedFilterInvocationSecurityMetadataSource - [org.springframework.security.web.access.expression.ExpressionBasedFilterInvocationSecurityMetadataSource : process : 72] - Adding web access control expression [permitAll] for Ant [pattern='/webjars/**']
2023-05-31 08:27:20 5072 [main] DEBUG o.s.s.w.a.e.ExpressionBasedFilterInvocationSecurityMetadataSource - [org.springframework.security.web.access.expression.ExpressionBasedFilterInvocationSecurityMetadataSource : process : 72] - Adding web access control expression [permitAll] for Ant [pattern='/error/**']
2023-05-31 08:27:20 5072 [main] DEBUG o.s.s.w.a.e.ExpressionBasedFilterInvocationSecurityMetadataSource - [org.springframework.security.web.access.expression.ExpressionBasedFilterInvocationSecurityMetadataSource : process : 72] - Adding web access control expression [permitAll] for cn.edu.cumt.ec.shop.config.WebConfig$$Lambda$925/0x0000000801209e70@2586e878
2023-05-31 08:27:20 5072 [main] DEBUG o.s.s.w.a.e.ExpressionBasedFilterInvocationSecurityMetadataSource - [org.springframework.security.web.access.expression.ExpressionBasedFilterInvocationSecurityMetadataSource : process : 72] - Adding web access control expression [authenticated] for any request
2023-05-31 08:27:20 5079 [main] INFO  o.s.s.w.DefaultSecurityFilterChain - [org.springframework.security.web.DefaultSecurityFilterChain : <init> : 55] - Will secure any request with [org.springframework.security.web.context.request.async.WebAsyncManagerIntegrationFilter@4682882a, org.springframework.security.web.context.SecurityContextPersistenceFilter@7535f28, org.springframework.security.web.header.HeaderWriterFilter@61bf405d, org.springframework.security.web.authentication.logout.LogoutFilter@408f70ab, cn.edu.cumt.ec.shop.security.JwtAuthenticationTokenFilter@12a6e8ed, org.springframework.security.web.savedrequest.RequestCacheAwareFilter@3f3a6091, org.springframework.security.web.servletapi.SecurityContextHolderAwareRequestFilter@5a57cf90, org.springframework.security.web.authentication.AnonymousAuthenticationFilter@37fffef3, org.springframework.security.web.session.SessionManagementFilter@2cacd55e, org.springframework.security.web.access.ExceptionTranslationFilter@4acc27fd, org.springframework.security.web.access.intercept.FilterSecurityInterceptor@28db2afb]
2023-05-31 08:27:21 5950 [main] INFO  o.a.coyote.http11.Http11NioProtocol - [org.apache.juli.logging.DirectJDKLog : log : 173] - Starting ProtocolHandler ["http-nio-9090"]
2023-05-31 08:27:21 5971 [main] INFO  o.s.b.w.e.tomcat.TomcatWebServer - [org.springframework.boot.web.embedded.tomcat.TomcatWebServer : start : 220] - Tomcat started on port(s): 9090 (http) with context path ''
2023-05-31 08:27:21 6151 [main] WARN  s.d.s.r.o.OperationImplicitParameterReader - [springfox.documentation.swagger.readers.operation.OperationImplicitParameterReader : modelSpecification : 170] - Unable to interpret the implicit parameter configuration with dataType: string, dataTypeClass: class java.lang.Void
2023-05-31 08:27:21 6166 [main] WARN  s.d.s.r.o.OperationImplicitParameterReader - [springfox.documentation.swagger.readers.operation.OperationImplicitParameterReader : modelSpecification : 170] - Unable to interpret the implicit parameter configuration with dataType: string, dataTypeClass: class java.lang.Void
2023-05-31 08:27:21 6341 [main] INFO  cn.edu.cumt.ec.shop.ShopApplication - [org.springframework.boot.StartupInfoLogger : logStarted : 61] - Started ShopApplication in 5.79 seconds (JVM running for 8.056)
